outputs/logs/manifest-merger-debug-report.txt
-- Merging decision tree log ---
manifest
ADDED from src\main\AndroidManifest.xml:2:1-30:12
INJECTED from src\main\AndroidManifest.xml:2:1-30:12
INJECTED from src\main\AndroidManifest.xml:2:1-30:12
INJECTED from src\main\AndroidManifest.xml:2:1-30:12
MERGED from [com.github.dhaval2404:imagepicker:1.7.5] AndroidManifest.xml:2:1-35:12
MERGED from [androidx.core:core-ktx:1.3.1] AndroidManifest.xml:2:1-9:12
MERGED from [androidx.constraintlayout:constraintlayout:2.0.1] AndroidManifest.xml:2:1-11:12
MERGED from [com.github.yalantis:ucrop:2.2.5] AndroidManifest.xml:2:1-11:12
MERGED from [androidx.appcompat:appcompat:1.2.0] AndroidManifest.xml:17:1-24:12
MERGED from [com.google.android.gms:play-services-mlkit-text-recognition:16.1.1] AndroidManifest.xml:2:1-18:12
MERGED from [com.google.firebase:firebase-analytics:17.5.0] AndroidManifest.xml:2:1-9:12
MERGED from [androidx.cardview:cardview:1.0.0] AndroidManifest.xml:17:1-22:12
MERGED from [com.google.android.gms:play-services-vision:20.1.2] AndroidManifest.xml:2:1-9:12
MERGED from [com.google.android.gms:play-services-vision-common:19.1.2] AndroidManifest.xml:2:1-9:12
MERGED from [com.google.mlkit:vision-common:16.1.0] AndroidManifest.xml:2:1-18:12
MERGED from [com.google.mlkit:common:17.0.0] AndroidManifest.xml:2:1-26:12
MERGED from [com.google.android.gms:play-services-clearcut:17.0.0] AndroidManifest.xml:17:1-24:12
MERGED from [com.google.android.gms:play-services-phenotype:17.0.0] AndroidManifest.xml:17:1-24:12
MERGED from [com.google.android.gms:play-services-flags:17.0.0] AndroidManifest.xml:17:1-22:12
MERGED from [com.google.android.gms:play-services-base:17.0.0] AndroidManifest.xml:17:1-29:12
MERGED from [com.google.android.gms:play-services-measurement-api:17.5.0] AndroidManifest.xml:17:1-36:12
MERGED from [com.google.firebase:firebase-installations:16.3.2] AndroidManifest.xml:2:1-23:12
MERGED from [com.google.firebase:firebase-common:19.3.0] AndroidManifest.xml:15:1-39:12
MERGED from [com.google.firebase:firebase-installations-interop:16.0.0] AndroidManifest.xml:15:1-23:12
MERGED from [com.google.android.gms:play-services-tasks:17.0.0] AndroidManifest.xml:2:1-9:12
MERGED from [com.google.android.gms:play-services-measurement:17.5.0] AndroidManifest.xml:17:1-46:12
MERGED from [com.google.android.gms:play-services-measurement-sdk:17.5.0] AndroidManifest.xml:17:1-25:12
MERGED from [com.google.android.gms:play-services-measurement-impl:17.5.0] AndroidManifest.xml:17:1-31:12
MERGED from [com.google.android.gms:play-services-ads-identifier:17.0.0] AndroidManifest.xml:17:1-24:12
MERGED from [com.google.android.gms:play-services-measurement-sdk-api:17.5.0] AndroidManifest.xml:17:1-27:12
MERGED from [com.google.android.gms:play-services-measurement-base:17.5.0] AndroidManifest.xml:2:1-9:12
MERGED from [com.google.android.gms:play-services-stats:17.0.0] AndroidManifest.xml:2:1-9:12
MERGED from [com.google.firebase:firebase-measurement-connector:18.0.0] AndroidManifest.xml:17:1-25:12
MERGED from [com.google.android.gms:play-services-basement:17.0.0] AndroidManifest.xml:17:1-28:12
MERGED from [androidx.fragment:fragment:1.1.0] AndroidManifest.xml:17:1-24:12
MERGED from [androidx.appcompat:appcompat-resources:1.2.0] AndroidManifest.xml:17:1-24:12
MERGED from [androidx.drawerlayout:drawerlayout:1.0.0] AndroidManifest.xml:17:1-22:12
MERGED from [androidx.viewpager:viewpager:1.0.0] AndroidManifest.xml:17:1-22:12
MERGED from [androidx.legacy:legacy-support-core-utils:1.0.0] AndroidManifest.xml:17:1-22:12
MERGED from [androidx.loader:loader:1.0.0] AndroidManifest.xml:17:1-22:12
MERGED from [androidx.activity:activity:1.0.0] AndroidManifest.xml:17:1-24:12
MERGED from [androidx.vectordrawable:vectordrawable-animated:1.1.0] AndroidManifest.xml:17:1-24:12
MERGED from [androidx.vectordrawable:vectordrawable:1.1.0] AndroidManifest.xml:17:1-24:12
MERGED from [androidx.customview:customview:1.0.0] AndroidManifest.xml:17:1-22:12
MERGED from [androidx.transition:transition:1.2.0-rc01] AndroidManifest.xml:17:1-24:12
MERGED from [androidx.core:core:1.3.1] AndroidManifest.xml:17:1-26:12
MERGED from [androidx.cursoradapter:cursoradapter:1.0.0] AndroidManifest.xml:17:1-22:12
MERGED from [androidx.exifinterface:exifinterface:1.1.0] AndroidManifest.xml:17:1-24:12
MERGED from [com.google.firebase:firebase-components:16.0.0] AndroidManifest.xml:15:1-23:12
MERGED from [androidx.versionedparcelable:versionedparcelable:1.1.0] AndroidManifest.xml:17:1-27:12
MERGED from [androidx.lifecycle:lifecycle-runtime:2.1.0] AndroidManifest.xml:17:1-22:12
MERGED from [androidx.lifecycle:lifecycle-viewmodel:2.1.0] AndroidManifest.xml:17:1-22:12
MERGED from [androidx.savedstate:savedstate:1.0.0] AndroidManifest.xml:17:1-24:12
MERGED from [androidx.interpolator:interpolator:1.0.0] AndroidManifest.xml:17:1-22:12
MERGED from [androidx.documentfile:documentfile:1.0.0] AndroidManifest.xml:17:1-22:12
MERGED from [androidx.localbroadcastmanager:localbroadcastmanager:1.0.0] AndroidManifest.xml:17:1-22:12
MERGED from [androidx.print:print:1.0.0] AndroidManifest.xml:17:1-22:12
MERGED from [androidx.lifecycle:lifecycle-livedata:2.0.0] AndroidManifest.xml:17:1-22:12
MERGED from [androidx.lifecycle:lifecycle-livedata-core:2.0.0] AndroidManifest.xml:17:1-22:12
MERGED from [androidx.arch.core:core-runtime:2.0.0] AndroidManifest.xml:17:1-22:12
INJECTED from src\main\AndroidManifest.xml:2:1-30:12
INJECTED from src\main\AndroidManifest.xml:2:1-30:12
INJECTED from src\main\AndroidManifest.xml:2:1-30:12
	package
		ADDED from src\main\AndroidManifest.xml:3:5-40
		INJECTED from src\main\AndroidManifest.xml
		INJECTED from src\main\AndroidManifest.xml
	android:versionName
		INJECTED from src\main\AndroidManifest.xml
		ADDED from src\main\AndroidManifest.xml:2:1-30:12
		INJECTED from src\main\AndroidManifest.xml
	android:versionCode
		INJECTED from src\main\AndroidManifest.xml
		ADDED from src\main\AndroidManifest.xml:2:1-30:12
		INJECTED from src\main\AndroidManifest.xml
	xmlns:android
		ADDED from src\main\AndroidManifest.xml:2:11-69
uses-permission#android.permission.READ_EXTERNAL_STORAGE
ADDED from src\main\AndroidManifest.xml:5:5-80
MERGED from [com.github.dhaval2404:imagepicker:1.7.5] AndroidManifest.xml:11:5-80
MERGED from [com.github.dhaval2404:imagepicker:1.7.5] AndroidManifest.xml:11:5-80
	android:name
		ADDED from src\main\AndroidManifest.xml:5:22-77
uses-permission#android.permission.WRITE_EXTERNAL_STORAGE
ADDED from src\main\AndroidManifest.xml:6:5-81
MERGED from [com.github.dhaval2404:imagepicker:1.7.5] AndroidManifest.xml:12:5-81
MERGED from [com.github.dhaval2404:imagepicker:1.7.5] AndroidManifest.xml:12:5-81
	android:name
		ADDED from src\main\AndroidManifest.xml:6:22-78
application
ADDED from src\main\AndroidManifest.xml:8:5-28:19
MERGED from [com.github.dhaval2404:imagepicker:1.7.5] AndroidManifest.xml:14:5-33:19
MERGED from [com.github.dhaval2404:imagepicker:1.7.5] AndroidManifest.xml:14:5-33:19
MERGED from [androidx.constraintlayout:constraintlayout:2.0.1] AndroidManifest.xml:9:5-20
MERGED from [androidx.constraintlayout:constraintlayout:2.0.1] AndroidManifest.xml:9:5-20
MERGED from [com.google.android.gms:play-services-mlkit-text-recognition:16.1.1] AndroidManifest.xml:8:5-16:19
MERGED from [com.google.android.gms:play-services-mlkit-text-recognition:16.1.1] AndroidManifest.xml:8:5-16:19
MERGED from [com.google.firebase:firebase-analytics:17.5.0] AndroidManifest.xml:7:5-20
MERGED from [com.google.firebase:firebase-analytics:17.5.0] AndroidManifest.xml:7:5-20
MERGED from [com.google.android.gms:play-services-vision:20.1.2] AndroidManifest.xml:7:5-20
MERGED from [com.google.android.gms:play-services-vision:20.1.2] AndroidManifest.xml:7:5-20
MERGED from [com.google.android.gms:play-services-vision-common:19.1.2] AndroidManifest.xml:7:5-20
MERGED from [com.google.android.gms:play-services-vision-common:19.1.2] AndroidManifest.xml:7:5-20
MERGED from [com.google.mlkit:vision-common:16.1.0] AndroidManifest.xml:8:5-16:19
MERGED from [com.google.mlkit:vision-common:16.1.0] AndroidManifest.xml:8:5-16:19
MERGED from [com.google.mlkit:common:17.0.0] AndroidManifest.xml:8:5-24:19
MERGED from [com.google.mlkit:common:17.0.0] AndroidManifest.xml:8:5-24:19
MERGED from [com.google.android.gms:play-services-clearcut:17.0.0] AndroidManifest.xml:22:5-20
MERGED from [com.google.android.gms:play-services-clearcut:17.0.0] AndroidManifest.xml:22:5-20
MERGED from [com.google.android.gms:play-services-phenotype:17.0.0] AndroidManifest.xml:22:5-20
MERGED from [com.google.android.gms:play-services-phenotype:17.0.0] AndroidManifest.xml:22:5-20
MERGED from [com.google.android.gms:play-services-base:17.0.0] AndroidManifest.xml:22:5-27:19
MERGED from [com.google.android.gms:play-services-base:17.0.0] AndroidManifest.xml:22:5-27:19
MERGED from [com.google.android.gms:play-services-measurement-api:17.5.0] AndroidManifest.xml:26:5-34:19
MERGED from [com.google.android.gms:play-services-measurement-api:17.5.0] AndroidManifest.xml:26:5-34:19
MERGED from [com.google.firebase:firebase-installations:16.3.2] AndroidManifest.xml:13:5-21:19
MERGED from [com.google.firebase:firebase-installations:16.3.2] AndroidManifest.xml:13:5-21:19
MERGED from [com.google.firebase:firebase-common:19.3.0] AndroidManifest.xml:25:5-37:19
MERGED from [com.google.firebase:firebase-common:19.3.0] AndroidManifest.xml:25:5-37:19
MERGED from [com.google.android.gms:play-services-tasks:17.0.0] AndroidManifest.xml:7:5-20
MERGED from [com.google.android.gms:play-services-tasks:17.0.0] AndroidManifest.xml:7:5-20
MERGED from [com.google.android.gms:play-services-measurement:17.5.0] AndroidManifest.xml:28:5-44:19
MERGED from [com.google.android.gms:play-services-measurement:17.5.0] AndroidManifest.xml:28:5-44:19
MERGED from [com.google.android.gms:play-services-measurement-sdk:17.5.0] AndroidManifest.xml:22:5-23:19
MERGED from [com.google.android.gms:play-services-measurement-sdk:17.5.0] AndroidManifest.xml:22:5-23:19
MERGED from [com.google.android.gms:play-services-measurement-impl:17.5.0] AndroidManifest.xml:28:5-29:19
MERGED from [com.google.android.gms:play-services-measurement-impl:17.5.0] AndroidManifest.xml:28:5-29:19
MERGED from [com.google.android.gms:play-services-ads-identifier:17.0.0] AndroidManifest.xml:22:5-20
MERGED from [com.google.android.gms:play-services-ads-identifier:17.0.0] AndroidManifest.xml:22:5-20
MERGED from [com.google.android.gms:play-services-measurement-base:17.5.0] AndroidManifest.xml:7:5-20
MERGED from [com.google.android.gms:play-services-measurement-base:17.5.0] AndroidManifest.xml:7:5-20
MERGED from [com.google.android.gms:play-services-stats:17.0.0] AndroidManifest.xml:7:5-20
MERGED from [com.google.android.gms:play-services-stats:17.0.0] AndroidManifest.xml:7:5-20
MERGED from [com.google.firebase:firebase-measurement-connector:18.0.0] AndroidManifest.xml:22:5-23:19
MERGED from [com.google.firebase:firebase-measurement-connector:18.0.0] AndroidManifest.xml:22:5-23:19
MERGED from [com.google.android.gms:play-services-basement:17.0.0] AndroidManifest.xml:22:5-26:19
MERGED from [com.google.android.gms:play-services-basement:17.0.0] AndroidManifest.xml:22:5-26:19
MERGED from [androidx.core:core:1.3.1] AndroidManifest.xml:24:5-89
MERGED from [androidx.core:core:1.3.1] AndroidManifest.xml:24:5-89
MERGED from [androidx.versionedparcelable:versionedparcelable:1.1.0] AndroidManifest.xml:24:5-25:19
MERGED from [androidx.versionedparcelable:versionedparcelable:1.1.0] AndroidManifest.xml:24:5-25:19
	android:requestLegacyExternalStorage
		ADDED from src\main\AndroidManifest.xml:12:9-52
	android:appComponentFactory
		ADDED from [androidx.core:core:1.3.1] AndroidManifest.xml:24:18-86
	android:supportsRtl
		ADDED from src\main\AndroidManifest.xml:14:9-35
	android:label
		ADDED from src\main\AndroidManifest.xml:11:9-41
	android:roundIcon
		ADDED from src\main\AndroidManifest.xml:13:9-54
	android:icon
		ADDED from src\main\AndroidManifest.xml:10:9-43
	android:allowBackup
		ADDED from src\main\AndroidManifest.xml:9:9-35
	android:theme
		ADDED from src\main\AndroidManifest.xml:15:9-40
activity#com.example.summarization.SplashActivity
ADDED from src\main\AndroidManifest.xml:16:9-22:20
	android:name
		ADDED from src\main\AndroidManifest.xml:16:19-49
intent-filter#action:name:android.intent.action.MAIN+category:name:android.intent.category.LAUNCHER
ADDED from src\main\AndroidManifest.xml:17:13-21:29
action#android.intent.action.MAIN
ADDED from src\main\AndroidManifest.xml:18:17-69
	android:name
		ADDED from src\main\AndroidManifest.xml:18:25-66
category#android.intent.category.LAUNCHER
ADDED from src\main\AndroidManifest.xml:20:17-77
	android:name
		ADDED from src\main\AndroidManifest.xml:20:27-74
activity#com.example.summarization.MainActivity
ADDED from src\main\AndroidManifest.xml:23:9-50
	android:name
		ADDED from src\main\AndroidManifest.xml:23:19-47
meta-data#com.google.mlkit.vision.DEPENDENCIES
ADDED from src\main\AndroidManifest.xml:25:9-27:35
	android:value
		ADDED from src\main\AndroidManifest.xml:27:13-32
	android:name
		ADDED from src\main\AndroidManifest.xml:26:13-64
uses-sdk
INJECTED from src\main\AndroidManifest.xml reason: use-sdk injection requested
INJECTED from src\main\AndroidManifest.xml
INJECTED from src\main\AndroidManifest.xml
MERGED from [com.github.dhaval2404:imagepicker:1.7.5] AndroidManifest.xml:7:5-9:41
MERGED from [com.github.dhaval2404:imagepicker:1.7.5] AndroidManifest.xml:7:5-9:41
MERGED from [androidx.core:core-ktx:1.3.1] AndroidManifest.xml:5:5-7:41
MERGED from [androidx.core:core-ktx:1.3.1] AndroidManifest.xml:5:5-7:41
MERGED from [androidx.constraintlayout:constraintlayout:2.0.1] AndroidManifest.xml:5:5-7:41
MERGED from [androidx.constraintlayout:constraintlayout:2.0.1] AndroidManifest.xml:5:5-7:41
MERGED from [com.github.yalantis:ucrop:2.2.5] AndroidManifest.xml:7:5-9:41
MERGED from [com.github.yalantis:ucrop:2.2.5] AndroidManifest.xml:7:5-9:41
MERGED from [androidx.appcompat:appcompat:1.2.0] AndroidManifest.xml:20:5-22:41
MERGED from [androidx.appcompat:appcompat:1.2.0] AndroidManifest.xml:20:5-22:41
MERGED from [com.google.android.gms:play-services-mlkit-text-recognition:16.1.1] AndroidManifest.xml:6:5-44
MERGED from [com.google.android.gms:play-services-mlkit-text-recognition:16.1.1] AndroidManifest.xml:6:5-44
MERGED from [com.google.firebase:firebase-analytics:17.5.0] AndroidManifest.xml:5:5-44
MERGED from [com.google.firebase:firebase-analytics:17.5.0] AndroidManifest.xml:5:5-44
MERGED from [androidx.cardview:cardview:1.0.0] AndroidManifest.xml:20:5-44
MERGED from [androidx.cardview:cardview:1.0.0] AndroidManifest.xml:20:5-44
MERGED from [com.google.android.gms:play-services-vision:20.1.2] AndroidManifest.xml:5:5-44
MERGED from [com.google.android.gms:play-services-vision:20.1.2] AndroidManifest.xml:5:5-44
MERGED from [com.google.android.gms:play-services-vision-common:19.1.2] AndroidManifest.xml:5:5-44
MERGED from [com.google.android.gms:play-services-vision-common:19.1.2] AndroidManifest.xml:5:5-44
MERGED from [com.google.mlkit:vision-common:16.1.0] AndroidManifest.xml:6:5-44
MERGED from [com.google.mlkit:vision-common:16.1.0] AndroidManifest.xml:6:5-44
MERGED from [com.google.mlkit:common:17.0.0] AndroidManifest.xml:6:5-44
MERGED from [com.google.mlkit:common:17.0.0] AndroidManifest.xml:6:5-44
MERGED from [com.google.android.gms:play-services-clearcut:17.0.0] AndroidManifest.xml:20:5-44
MERGED from [com.google.android.gms:play-services-clearcut:17.0.0] AndroidManifest.xml:20:5-44
MERGED from [com.google.android.gms:play-services-phenotype:17.0.0] AndroidManifest.xml:20:5-44
MERGED from [com.google.android.gms:play-services-phenotype:17.0.0] AndroidManifest.xml:20:5-44
MERGED from [com.google.android.gms:play-services-flags:17.0.0] AndroidManifest.xml:20:5-44
MERGED from [com.google.android.gms:play-services-flags:17.0.0] AndroidManifest.xml:20:5-44
MERGED from [com.google.android.gms:play-services-base:17.0.0] AndroidManifest.xml:20:5-44
MERGED from [com.google.android.gms:play-services-base:17.0.0] AndroidManifest.xml:20:5-44
MERGED from [com.google.android.gms:play-services-measurement-api:17.5.0] AndroidManifest.xml:20:5-44
MERGED from [com.google.android.gms:play-services-measurement-api:17.5.0] AndroidManifest.xml:20:5-44
MERGED from [com.google.firebase:firebase-installations:16.3.2] AndroidManifest.xml:6:5-8:41
MERGED from [com.google.firebase:firebase-installations:16.3.2] AndroidManifest.xml:6:5-8:41
MERGED from [com.google.firebase:firebase-common:19.3.0] AndroidManifest.xml:20:5-22:41
MERGED from [com.google.firebase:firebase-common:19.3.0] AndroidManifest.xml:20:5-22:41
MERGED from [com.google.firebase:firebase-installations-interop:16.0.0] AndroidManifest.xml:19:5-21:41
MERGED from [com.google.firebase:firebase-installations-interop:16.0.0] AndroidManifest.xml:19:5-21:41
MERGED from [com.google.android.gms:play-services-tasks:17.0.0] AndroidManifest.xml:5:5-44
MERGED from [com.google.android.gms:play-services-tasks:17.0.0] AndroidManifest.xml:5:5-44
MERGED from [com.google.android.gms:play-services-measurement:17.5.0] AndroidManifest.xml:20:5-44
MERGED from [com.google.android.gms:play-services-measurement:17.5.0] AndroidManifest.xml:20:5-44
MERGED from [com.google.android.gms:play-services-measurement-sdk:17.5.0] AndroidManifest.xml:20:5-44
MERGED from [com.google.android.gms:play-services-measurement-sdk:17.5.0] AndroidManifest.xml:20:5-44
MERGED from [com.google.android.gms:play-services-measurement-impl:17.5.0] AndroidManifest.xml:20:5-44
MERGED from [com.google.android.gms:play-services-measurement-impl:17.5.0] AndroidManifest.xml:20:5-44
MERGED from [com.google.android.gms:play-services-ads-identifier:17.0.0] AndroidManifest.xml:20:5-44
MERGED from [com.google.android.gms:play-services-ads-identifier:17.0.0] AndroidManifest.xml:20:5-44
MERGED from [com.google.android.gms:play-services-measurement-sdk-api:17.5.0] AndroidManifest.xml:20:5-44
MERGED from [com.google.android.gms:play-services-measurement-sdk-api:17.5.0] AndroidManifest.xml:20:5-44
MERGED from [com.google.android.gms:play-services-measurement-base:17.5.0] AndroidManifest.xml:5:5-44
MERGED from [com.google.android.gms:play-services-measurement-base:17.5.0] AndroidManifest.xml:5:5-44
MERGED from [com.google.android.gms:play-services-stats:17.0.0] AndroidManifest.xml:5:5-44
MERGED from [com.google.android.gms:play-services-stats:17.0.0] AndroidManifest.xml:5:5-44
MERGED from [com.google.firebase:firebase-measurement-connector:18.0.0] AndroidManifest.xml:20:5-44
MERGED from [com.google.firebase:firebase-measurement-connector:18.0.0] AndroidManifest.xml:20:5-44
MERGED from [com.google.android.gms:play-services-basement:17.0.0] AndroidManifest.xml:20:5-44
MERGED from [com.google.android.gms:play-services-basement:17.0.0] AndroidManifest.xml:20:5-44
MERGED from [androidx.fragment:fragment:1.1.0] AndroidManifest.xml:20:5-22:41
MERGED from [androidx.fragment:fragment:1.1.0] AndroidManifest.xml:20:5-22:41
MERGED from [androidx.appcompat:appcompat-resources:1.2.0] AndroidManifest.xml:20:5-22:41
MERGED from [androidx.appcompat:appcompat-resources:1.2.0] AndroidManifest.xml:20:5-22:41
MERGED from [androidx.drawerlayout:drawerlayout:1.0.0] AndroidManifest.xml:20:5-44
MERGED from [androidx.drawerlayout:drawerlayout:1.0.0] AndroidManifest.xml:20:5-44
MERGED from [androidx.viewpager:viewpager:1.0.0] AndroidManifest.xml:20:5-44
MERGED from [androidx.viewpager:viewpager:1.0.0] AndroidManifest.xml:20:5-44
MERGED from [androidx.legacy:legacy-support-core-utils:1.0.0] AndroidManifest.xml:20:5-44
MERGED from [androidx.legacy:legacy-support-core-utils:1.0.0] AndroidManifest.xml:20:5-44
MERGED from [androidx.loader:loader:1.0.0] AndroidManifest.xml:20:5-44
MERGED from [androidx.loader:loader:1.0.0] AndroidManifest.xml:20:5-44
MERGED from [androidx.activity:activity:1.0.0] AndroidManifest.xml:20:5-22:41
MERGED from [androidx.activity:activity:1.0.0] AndroidManifest.xml:20:5-22:41
MERGED from [androidx.vectordrawable:vectordrawable-animated:1.1.0] AndroidManifest.xml:20:5-22:41
MERGED from [androidx.vectordrawable:vectordrawable-animated:1.1.0] AndroidManifest.xml:20:5-22:41
MERGED from [androidx.vectordrawable:vectordrawable:1.1.0] AndroidManifest.xml:20:5-22:41
MERGED from [androidx.vectordrawable:vectordrawable:1.1.0] AndroidManifest.xml:20:5-22:41
MERGED from [androidx.customview:customview:1.0.0] AndroidManifest.xml:20:5-44
MERGED from [androidx.customview:customview:1.0.0] AndroidManifest.xml:20:5-44
MERGED from [androidx.transition:transition:1.2.0-rc01] AndroidManifest.xml:20:5-22:41
MERGED from [androidx.transition:transition:1.2.0-rc01] AndroidManifest.xml:20:5-22:41
MERGED from [androidx.core:core:1.3.1] AndroidManifest.xml:20:5-22:41
MERGED from [androidx.core:core:1.3.1] AndroidManifest.xml:20:5-22:41
MERGED from [androidx.cursoradapter:cursoradapter:1.0.0] AndroidManifest.xml:20:5-44
MERGED from [androidx.cursoradapter:cursoradapter:1.0.0] AndroidManifest.xml:20:5-44
MERGED from [androidx.exifinterface:exifinterface:1.1.0] AndroidManifest.xml:20:5-22:41
MERGED from [androidx.exifinterface:exifinterface:1.1.0] AndroidManifest.xml:20:5-22:41
MERGED from [com.google.firebase:firebase-components:16.0.0] AndroidManifest.xml:19:5-21:41
MERGED from [com.google.firebase:firebase-components:16.0.0] AndroidManifest.xml:19:5-21:41
MERGED from [androidx.versionedparcelable:versionedparcelable:1.1.0] AndroidManifest.xml:20:5-22:41
MERGED from [androidx.versionedparcelable:versionedparcelable:1.1.0] AndroidManifest.xml:20:5-22:41
MERGED from [androidx.lifecycle:lifecycle-runtime:2.1.0] AndroidManifest.xml:20:5-44
MERGED from [androidx.lifecycle:lifecycle-runtime:2.1.0] AndroidManifest.xml:20:5-44
MERGED from [androidx.lifecycle:lifecycle-viewmodel:2.1.0] AndroidManifest.xml:20:5-44
MERGED from [androidx.lifecycle:lifecycle-viewmodel:2.1.0] AndroidManifest.xml:20:5-44
MERGED from [androidx.savedstate:savedstate:1.0.0] AndroidManifest.xml:20:5-22:41
MERGED from [androidx.savedstate:savedstate:1.0.0] AndroidManifest.xml:20:5-22:41
MERGED from [androidx.interpolator:interpolator:1.0.0] AndroidManifest.xml:20:5-44
MERGED from [androidx.interpolator:interpolator:1.0.0] AndroidManifest.xml:20:5-44
MERGED from [androidx.documentfile:documentfile:1.0.0] AndroidManifest.xml:20:5-44
MERGED from [androidx.documentfile:documentfile:1.0.0] AndroidManifest.xml:20:5-44
MERGED from [androidx.localbroadcastmanager:localbroadcastmanager:1.0.0] AndroidManifest.xml:20:5-44
MERGED from [androidx.localbroadcastmanager:localbroadcastmanager:1.0.0] AndroidManifest.xml:20:5-44
MERGED from [androidx.print:print:1.0.0] AndroidManifest.xml:20:5-44
MERGED from [androidx.print:print:1.0.0] AndroidManifest.xml:20:5-44
MERGED from [androidx.lifecycle:lifecycle-livedata:2.0.0] AndroidManifest.xml:20:5-44
MERGED from [androidx.lifecycle:lifecycle-livedata:2.0.0] AndroidManifest.xml:20:5-44
MERGED from [androidx.lifecycle:lifecycle-livedata-core:2.0.0] AndroidManifest.xml:20:5-44
MERGED from [androidx.lifecycle:lifecycle-livedata-core:2.0.0] AndroidManifest.xml:20:5-44
MERGED from [androidx.arch.core:core-runtime:2.0.0] AndroidManifest.xml:20:5-44
MERGED from [androidx.arch.core:core-runtime:2.0.0] AndroidManifest.xml:20:5-44
INJECTED from src\main\AndroidManifest.xml
INJECTED from src\main\AndroidManifest.xml
	android:targetSdkVersion
		INJECTED from src\main\AndroidManifest.xml
		ADDED from src\main\AndroidManifest.xml
		INJECTED from src\main\AndroidManifest.xml
	android:minSdkVersion
		INJECTED from src\main\AndroidManifest.xml
		ADDED from src\main\AndroidManifest.xml
		INJECTED from src\main\AndroidManifest.xml
activity#com.github.dhaval2404.imagepicker.ImagePickerActivity
ADDED from [com.github.dhaval2404:imagepicker:1.7.5] AndroidManifest.xml:15:9-18:68
	android:screenOrientation
		ADDED from [com.github.dhaval2404:imagepicker:1.7.5] AndroidManifest.xml:17:13-52
	android:theme
		ADDED from [com.github.dhaval2404:imagepicker:1.7.5] AndroidManifest.xml:18:13-65
	android:name
		ADDED from [com.github.dhaval2404:imagepicker:1.7.5] AndroidManifest.xml:16:13-81
activity#com.yalantis.ucrop.UCropActivity
ADDED from [com.github.dhaval2404:imagepicker:1.7.5] AndroidManifest.xml:19:9-22:72
	android:screenOrientation
		ADDED from [com.github.dhaval2404:imagepicker:1.7.5] AndroidManifest.xml:21:13-49
	android:theme
		ADDED from [com.github.dhaval2404:imagepicker:1.7.5] AndroidManifest.xml:22:13-69
	android:name
		ADDED from [com.github.dhaval2404:imagepicker:1.7.5] AndroidManifest.xml:20:13-60
provider#com.github.dhaval2404.imagepicker.ImagePickerFileProvider
ADDED from [com.github.dhaval2404:imagepicker:1.7.5] AndroidManifest.xml:24:9-32:20
	android:grantUriPermissions
		ADDED from [com.github.dhaval2404:imagepicker:1.7.5] AndroidManifest.xml:28:13-47
	android:authorities
		ADDED from [com.github.dhaval2404:imagepicker:1.7.5] AndroidManifest.xml:26:13-72
	android:exported
		ADDED from [com.github.dhaval2404:imagepicker:1.7.5] AndroidManifest.xml:27:13-37
	android:name
		ADDED from [com.github.dhaval2404:imagepicker:1.7.5] AndroidManifest.xml:25:13-85
meta-data#android.support.FILE_PROVIDER_PATHS
ADDED from [com.github.dhaval2404:imagepicker:1.7.5] AndroidManifest.xml:29:13-31:71
	android:resource
		ADDED from [com.github.dhaval2404:imagepicker:1.7.5] AndroidManifest.xml:31:17-68
	android:name
		ADDED from [com.github.dhaval2404:imagepicker:1.7.5] AndroidManifest.xml:30:17-67
service#com.google.mlkit.common.internal.MlKitComponentDiscoveryService
ADDED from [com.google.android.gms:play-services-mlkit-text-recognition:16.1.1] AndroidManifest.xml:9:9-15:19
MERGED from [com.google.mlkit:vision-common:16.1.0] AndroidManifest.xml:9:9-15:19
MERGED from [com.google.mlkit:vision-common:16.1.0] AndroidManifest.xml:9:9-15:19
MERGED from [com.google.mlkit:common:17.0.0] AndroidManifest.xml:15:9-23:19
MERGED from [com.google.mlkit:common:17.0.0] AndroidManifest.xml:15:9-23:19
	android:exported
		ADDED from [com.google.android.gms:play-services-mlkit-text-recognition:16.1.1] AndroidManifest.xml:11:13-37
	tools:targetApi
		ADDED from [com.google.mlkit:common:17.0.0] AndroidManifest.xml:19:13-32
	android:directBootAware
		ADDED from [com.google.mlkit:common:17.0.0] AndroidManifest.xml:17:13-43
	android:name
		ADDED from [com.google.android.gms:play-services-mlkit-text-recognition:16.1.1] AndroidManifest.xml:10:13-91
meta-data#com.google.firebase.components:com.google.mlkit.vision.text.internal.TextRegistrar
ADDED from [com.google.android.gms:play-services-mlkit-text-recognition:16.1.1] AndroidManifest.xml:12:13-14:85
	android:value
		ADDED from [com.google.android.gms:play-services-mlkit-text-recognition:16.1.1] AndroidManifest.xml:14:17-82
	android:name
		ADDED from [com.google.android.gms:play-services-mlkit-text-recognition:16.1.1] AndroidManifest.xml:13:17-114
meta-data#com.google.firebase.components:com.google.mlkit.vision.common.internal.VisionCommonRegistrar
ADDED from [com.google.mlkit:vision-common:16.1.0] AndroidManifest.xml:12:13-14:85
	android:value
		ADDED from [com.google.mlkit:vision-common:16.1.0] AndroidManifest.xml:14:17-82
	android:name
		ADDED from [com.google.mlkit:vision-common:16.1.0] AndroidManifest.xml:13:17-124
provider#com.google.mlkit.common.internal.MlKitInitProvider
ADDED from [com.google.mlkit:common:17.0.0] AndroidManifest.xml:9:9-13:38
	android:authorities
		ADDED from [com.google.mlkit:common:17.0.0] AndroidManifest.xml:11:13-69
	android:exported
		ADDED from [com.google.mlkit:common:17.0.0] AndroidManifest.xml:12:13-37
	android:initOrder
		ADDED from [com.google.mlkit:common:17.0.0] AndroidManifest.xml:13:13-35
	android:name
		ADDED from [com.google.mlkit:common:17.0.0] AndroidManifest.xml:10:13-78
meta-data#com.google.firebase.components:com.google.mlkit.common.internal.CommonComponentRegistrar
ADDED from [com.google.mlkit:common:17.0.0] AndroidManifest.xml:20:13-22:85
	android:value
		ADDED from [com.google.mlkit:common:17.0.0] AndroidManifest.xml:22:17-82
	android:name
		ADDED from [com.google.mlkit:common:17.0.0] AndroidManifest.xml:21:17-120
activity#com.google.android.gms.common.api.GoogleApiActivity
ADDED from [com.google.android.gms:play-services-base:17.0.0] AndroidManifest.xml:23:9-26:75
	android:exported
		ADDED from [com.google.android.gms:play-services-base:17.0.0] AndroidManifest.xml:25:13-37
	android:theme
		ADDED from [com.google.android.gms:play-services-base:17.0.0] AndroidManifest.xml:26:13-72
	android:name
		ADDED from [com.google.android.gms:play-services-base:17.0.0] AndroidManifest.xml:24:13-79
uses-permission#android.permission.INTERNET
ADDED from [com.google.android.gms:play-services-measurement-api:17.5.0] AndroidManifest.xml:22:5-67
MERGED from [com.google.firebase:firebase-installations:16.3.2] AndroidManifest.xml:11:5-67
MERGED from [com.google.firebase:firebase-installations:16.3.2] AndroidManifest.xml:11:5-67
MERGED from [com.google.android.gms:play-services-measurement:17.5.0] AndroidManifest.xml:23:5-67
MERGED from [com.google.android.gms:play-services-measurement:17.5.0] AndroidManifest.xml:23:5-67
MERGED from [com.google.android.gms:play-services-measurement-impl:17.5.0] AndroidManifest.xml:23:5-67
MERGED from [com.google.android.gms:play-services-measurement-impl:17.5.0] AndroidManifest.xml:23:5-67
MERGED from [com.google.android.gms:play-services-measurement-sdk-api:17.5.0] AndroidManifest.xml:23:5-67
MERGED from [com.google.android.gms:play-services-measurement-sdk-api:17.5.0] AndroidManifest.xml:23:5-67
	android:name
		ADDED from [com.google.android.gms:play-services-measurement-api:17.5.0] AndroidManifest.xml:22:22-64
uses-permission#android.permission.ACCESS_NETWORK_STATE
ADDED from [com.google.android.gms:play-services-measurement-api:17.5.0] AndroidManifest.xml:23:5-79
MERGED from [com.google.firebase:firebase-installations:16.3.2] AndroidManifest.xml:10:5-79
MERGED from [com.google.firebase:firebase-installations:16.3.2] AndroidManifest.xml:10:5-79
MERGED from [com.google.android.gms:play-services-measurement:17.5.0] AndroidManifest.xml:24:5-79